[18:09:10] [INIT] KubeJS 2001.6.5-build.16; MC 2001 forge
[18:09:10] [INIT] Loaded plugins:
[18:09:10] [INIT] - dev.latvian.mods.kubejs.forge.BuiltinKubeJSForgePlugin
[18:09:10] [INIT] - dev.latvian.mods.kubejs.forge.BuiltinKubeJSForgeClientPlugin
[18:09:10] [INIT] - com.jesz.createdieselgenerators.compat.kubejs.CDGKubeJSPlugin
[18:09:10] [INIT] - com.tom.createores.kubejs.KubeJSExcavation
[18:09:10] [INIT] - dev.latvian.mods.kubejs.create.KubeJSCreatePlugin
[18:09:10] [INIT] - dev.bluephs.dgjs.DGJSPlugin
[18:09:10] [INIT] - com.notenoughmail.kubejs_tfc.KubeJSTFCPlugin
[18:09:10] [INIT] - com.notenoughmail.kubejs_tfc.addons.firmalife.FirmaLifePlugin
[18:09:10] [INIT] - com.notenoughmail.kubejs_tfc.addons.afc.AFCPlugin
[18:09:10] [INIT] - com.notenoughmail.kubejs_tfc.addons.tfccc.TFCCCPlugin
[18:09:10] [INIT] - com.notenoughmail.kubejs_tfc.addons.artisanal.ArtisanalPlugin
[18:09:10] [INIT] - snownee.lychee.compat.kubejs.LycheeKubeJSPlugin
[18:09:10] [INIT] KubeJS TFC configuration:
[18:09:10] [INIT] - Debug mode enabled: false
[18:09:10] [INIT] - Self tests console insertion enabled: true
[18:09:10] [INIT] - Self tests warnings deduplicated: true
[18:09:10] [ERROR] ! example.js#1: Tried to register event handler 'ServerEvents.tags' for invalid script type CLIENT! Valid script types: [SERVER]
[18:09:10] [ERROR] ! example.js#88: Tried to register event handler 'ServerEvents.recipes' for invalid script type CLIENT! Valid script types: [SERVER]
[18:09:10] [ERROR] ! example.js#2504: Tried to register event handler 'ServerEvents.tags' for invalid script type CLIENT! Valid script types: [SERVER]
[18:09:10] [ERROR] ! example.js#2551: Tried to register event handler 'PlayerEvents.loggedIn' for invalid script type CLIENT! Valid script types: [SERVER]
[18:09:10] [INFO] Loaded script client_scripts:example.js in 0.127 s
[18:09:10] [INFO] Loaded 1/1 KubeJS client scripts in 0.162 s with 0 errors and 0 warnings
[18:09:23] [INFO] Client resource reload complete!
